
Cadence Innovus(TM) Implementation System.
Copyright 2015 Cadence Design Systems, Inc. All rights reserved worldwide.

Version:	v15.23-s045_1, built Fri Apr 22 12:32:52 PDT 2016
Options:	
Date:		Tue Feb 19 14:24:27 2019
Host:		ieng6-ece-02.ucsd.edu (x86_64 w/Linux 2.6.32-696.30.1.el6.x86_64) (4cores*8cpus*Intel(R) Xeon(R) CPU E5-2650 v2 @ 2.60GHz 20480KB)
OS:		CentOS release 6.10 (Final)

License:
		invs	Innovus Implementation System	15.2	checkout succeeded
		8 CPU jobs allowed with the current license(s). Use setMultiCpuUsage to set your required CPU count.

**INFO:  MMMC transition support version v31-84 

<CMD> set_global _enable_mmmc_by_default_flow      $CTE::mmmc_default
<CMD> suppressMessage ENCEXT-2799
<CMD> getDrawView
<CMD> loadWorkspace -name Physical
<CMD> win
<CMD> set timing_remove_clock_reconvergence_pessimism true
<CMD> set search_path {. }
invalid command name "read_verilog"

*** Memory Usage v#1 (Current mem = 439.895M, initial mem = 151.938M) ***
*** Message Summary: 0 warning(s), 0 error(s)

--- Ending "Innovus" (totcpu=0:00:21.2, real=0:02:23, mem=439.9M) ---
